[debug] [2023-04-07T19:41:05.111Z] ----------------------------------------------------------------------
[debug] [2023-04-07T19:41:05.115Z] Command:       C:\Program Files\nodejs\node.exe C:\Users\MSI GAMING\AppData\Roaming\npm\node_modules\firebase-tools\lib\bin\firebase.js init
[debug] [2023-04-07T19:41:05.116Z] CLI Version:   11.25.3
[debug] [2023-04-07T19:41:05.116Z] Platform:      win32
[debug] [2023-04-07T19:41:05.116Z] Node Version:  v18.15.0
[debug] [2023-04-07T19:41:05.117Z] Time:          Sat Apr 08 2023 02:41:05 GMT+0700 (Indochina Time)
[debug] [2023-04-07T19:41:05.118Z] ----------------------------------------------------------------------
[debug] 
[debug] [2023-04-07T19:41:05.127Z] > command requires scopes: ["email","openid","https://www.googleapis.com/auth/cloudplatformprojects.readonly","https://www.googleapis.com/auth/firebase","https://www.googleapis.com/auth/cloud-platform"]
[debug] [2023-04-07T19:41:05.127Z] > authorizing via signed-in user (anfcuongw@gmail.com)
[info] 
     ######## #### ########  ######## ########     ###     ######  ########
     ##        ##  ##     ## ##       ##     ##  ##   ##  ##       ##
     ######    ##  ########  ######   ########  #########  ######  ######
     ##        ##  ##    ##  ##       ##     ## ##     ##       ## ##
     ##       #### ##     ## ######## ########  ##     ##  ######  ########

You're about to initialize a Firebase project in this directory:

  C:\Users\MSI GAMING\OneDrive - National Economics University\Desktop\moi nhat

[info] 
=== Project Setup
[info] 
[info] First, let's associate this project directory with a Firebase project.
[info] You can create multiple project aliases by running firebase use --add, 
[info] but for now we'll just set up a default project.
[info] 
[debug] [2023-04-07T19:41:58.216Z] >>> [apiv2][query] GET https://firebase.googleapis.com/v1beta1/projects pageSize=100
[debug] [2023-04-07T19:41:59.155Z] <<< [apiv2][status] GET https://firebase.googleapis.com/v1beta1/projects 200
[debug] [2023-04-07T19:41:59.155Z] <<< [apiv2][body] GET https://firebase.googleapis.com/v1beta1/projects [omitted]
[info] i  Using project amnhac-btn (amnhac-btn) 
[info] 
=== Hosting Setup
[info] 
[info] Your public directory is the folder (relative to your project directory) that
[info] will contain Hosting assets to be uploaded with firebase deploy. If you
[info] have a build process for your assets, use your build's output directory.
[info] 
